<?xml version="1.0" encoding="UTF-8"?>
<testsuite xmlns:xsi="http://www.w3.org/2001/XMLSchema-instance" xsi:noNamespaceSchemaLocation="https://maven.apache.org/surefire/maven-surefire-plugin/xsd/surefire-test-report.xsd" name="com.example.openbank.OpenBankApplicationTests" time="4.117" tests="1" errors="0" skipped="0" failures="0">
  <properties>
    <property name="sun.desktop" value="windows"/>
    <property name="awt.toolkit" value="sun.awt.windows.WToolkit"/>
    <property name="file.encoding.pkg" value="sun.io"/>
    <property name="java.specification.version" value="1.8"/>
    <property name="sun.cpu.isalist" value="amd64"/>
    <property name="sun.jnu.encoding" value="GBK"/>
    <property name="java.class.path" value="D:\Java\engineering\OpenBank\OpenBank\target\test-classes;D:\Java\engineering\OpenBank\OpenBank\target\classes;D:\Java\tool\maven\Repository\org\springframework\boot\spring-boot-starter-web\2.6.7\spring-boot-starter-web-2.6.7.jar;D:\Java\tool\maven\Repository\org\springframework\boot\spring-boot-starter\2.6.7\spring-boot-starter-2.6.7.jar;D:\Java\tool\maven\Repository\org\springframework\boot\spring-boot-starter-logging\2.6.7\spring-boot-starter-logging-2.6.7.jar;D:\Java\tool\maven\Repository\ch\qos\logback\logback-classic\1.2.11\logback-classic-1.2.11.jar;D:\Java\tool\maven\Repository\ch\qos\logback\logback-core\1.2.11\logback-core-1.2.11.jar;D:\Java\tool\maven\Repository\org\apache\logging\log4j\log4j-to-slf4j\2.17.2\log4j-to-slf4j-2.17.2.jar;D:\Java\tool\maven\Repository\org\apache\logging\log4j\log4j-api\2.17.2\log4j-api-2.17.2.jar;D:\Java\tool\maven\Repository\org\slf4j\jul-to-slf4j\1.7.36\jul-to-slf4j-1.7.36.jar;D:\Java\tool\maven\Repository\jakarta\annotation\jakarta.annotation-api\1.3.5\jakarta.annotation-api-1.3.5.jar;D:\Java\tool\maven\Repository\org\yaml\snakeyaml\1.29\snakeyaml-1.29.jar;D:\Java\tool\maven\Repository\org\springframework\boot\spring-boot-starter-json\2.6.7\spring-boot-starter-json-2.6.7.jar;D:\Java\tool\maven\Repository\com\fasterxml\jackson\datatype\jackson-datatype-jdk8\2.13.2\jackson-datatype-jdk8-2.13.2.jar;D:\Java\tool\maven\Repository\com\fasterxml\jackson\datatype\jackson-datatype-jsr310\2.13.2\jackson-datatype-jsr310-2.13.2.jar;D:\Java\tool\maven\Repository\com\fasterxml\jackson\module\jackson-module-parameter-names\2.13.2\jackson-module-parameter-names-2.13.2.jar;D:\Java\tool\maven\Repository\org\springframework\boot\spring-boot-starter-tomcat\2.6.7\spring-boot-starter-tomcat-2.6.7.jar;D:\Java\tool\maven\Repository\org\apache\tomcat\embed\tomcat-embed-core\9.0.62\tomcat-embed-core-9.0.62.jar;D:\Java\tool\maven\Repository\org\apache\tomcat\embed\tomcat-embed-el\9.0.62\tomcat-embed-el-9.0.62.jar;D:\Java\tool\maven\Repository\org\apache\tomcat\embed\tomcat-embed-websocket\9.0.62\tomcat-embed-websocket-9.0.62.jar;D:\Java\tool\maven\Repository\org\springframework\spring-web\5.3.19\spring-web-5.3.19.jar;D:\Java\tool\maven\Repository\org\springframework\spring-webmvc\5.3.19\spring-webmvc-5.3.19.jar;D:\Java\tool\maven\Repository\org\springframework\spring-aop\5.3.19\spring-aop-5.3.19.jar;D:\Java\tool\maven\Repository\org\springframework\spring-context\5.3.19\spring-context-5.3.19.jar;D:\Java\tool\maven\Repository\org\springframework\spring-expression\5.3.19\spring-expression-5.3.19.jar;D:\Java\tool\maven\Repository\org\springframework\boot\spring-boot-actuator\2.6.7\spring-boot-actuator-2.6.7.jar;D:\Java\tool\maven\Repository\org\springframework\boot\spring-boot\2.6.7\spring-boot-2.6.7.jar;D:\Java\tool\maven\Repository\org\springframework\boot\spring-boot-devtools\2.6.7\spring-boot-devtools-2.6.7.jar;D:\Java\tool\maven\Repository\org\springframework\boot\spring-boot-autoconfigure\2.6.7\spring-boot-autoconfigure-2.6.7.jar;D:\Java\tool\maven\Repository\org\projectlombok\lombok\1.18.24\lombok-1.18.24.jar;D:\Java\tool\maven\Repository\org\springframework\boot\spring-boot-starter-test\2.6.7\spring-boot-starter-test-2.6.7.jar;D:\Java\tool\maven\Repository\org\springframework\boot\spring-boot-test\2.6.7\spring-boot-test-2.6.7.jar;D:\Java\tool\maven\Repository\org\springframework\boot\spring-boot-test-autoconfigure\2.6.7\spring-boot-test-autoconfigure-2.6.7.jar;D:\Java\tool\maven\Repository\com\jayway\jsonpath\json-path\2.6.0\json-path-2.6.0.jar;D:\Java\tool\maven\Repository\net\minidev\json-smart\2.4.8\json-smart-2.4.8.jar;D:\Java\tool\maven\Repository\net\minidev\accessors-smart\2.4.8\accessors-smart-2.4.8.jar;D:\Java\tool\maven\Repository\org\ow2\asm\asm\9.1\asm-9.1.jar;D:\Java\tool\maven\Repository\org\slf4j\slf4j-api\1.7.36\slf4j-api-1.7.36.jar;D:\Java\tool\maven\Repository\jakarta\xml\bind\jakarta.xml.bind-api\2.3.3\jakarta.xml.bind-api-2.3.3.jar;D:\Java\tool\maven\Repository\jakarta\activation\jakarta.activation-api\1.2.2\jakarta.activation-api-1.2.2.jar;D:\Java\tool\maven\Repository\org\assertj\assertj-core\3.21.0\assertj-core-3.21.0.jar;D:\Java\tool\maven\Repository\org\hamcrest\hamcrest\2.2\hamcrest-2.2.jar;D:\Java\tool\maven\Repository\org\junit\jupiter\junit-jupiter\5.8.2\junit-jupiter-5.8.2.jar;D:\Java\tool\maven\Repository\org\junit\jupiter\junit-jupiter-api\5.8.2\junit-jupiter-api-5.8.2.jar;D:\Java\tool\maven\Repository\org\opentest4j\opentest4j\1.2.0\opentest4j-1.2.0.jar;D:\Java\tool\maven\Repository\org\junit\platform\junit-platform-commons\1.8.2\junit-platform-commons-1.8.2.jar;D:\Java\tool\maven\Repository\org\apiguardian\apiguardian-api\1.1.2\apiguardian-api-1.1.2.jar;D:\Java\tool\maven\Repository\org\junit\jupiter\junit-jupiter-params\5.8.2\junit-jupiter-params-5.8.2.jar;D:\Java\tool\maven\Repository\org\junit\jupiter\junit-jupiter-engine\5.8.2\junit-jupiter-engine-5.8.2.jar;D:\Java\tool\maven\Repository\org\junit\platform\junit-platform-engine\1.8.2\junit-platform-engine-1.8.2.jar;D:\Java\tool\maven\Repository\org\mockito\mockito-core\4.0.0\mockito-core-4.0.0.jar;D:\Java\tool\maven\Repository\net\bytebuddy\byte-buddy\1.11.22\byte-buddy-1.11.22.jar;D:\Java\tool\maven\Repository\net\bytebuddy\byte-buddy-agent\1.11.22\byte-buddy-agent-1.11.22.jar;D:\Java\tool\maven\Repository\org\objenesis\objenesis\3.2\objenesis-3.2.jar;D:\Java\tool\maven\Repository\org\mockito\mockito-junit-jupiter\4.0.0\mockito-junit-jupiter-4.0.0.jar;D:\Java\tool\maven\Repository\org\skyscreamer\jsonassert\1.5.0\jsonassert-1.5.0.jar;D:\Java\tool\maven\Repository\com\vaadin\external\google\android-json\0.0.20131108.vaadin1\android-json-0.0.20131108.vaadin1.jar;D:\Java\tool\maven\Repository\org\springframework\spring-core\5.3.19\spring-core-5.3.19.jar;D:\Java\tool\maven\Repository\org\springframework\spring-jcl\5.3.19\spring-jcl-5.3.19.jar;D:\Java\tool\maven\Repository\org\springframework\spring-test\5.3.19\spring-test-5.3.19.jar;D:\Java\tool\maven\Repository\org\xmlunit\xmlunit-core\2.8.4\xmlunit-core-2.8.4.jar;D:\Java\tool\maven\Repository\org\apache\httpcomponents\httpclient\4.5.5\httpclient-4.5.5.jar;D:\Java\tool\maven\Repository\org\apache\httpcomponents\httpcore\4.4.15\httpcore-4.4.15.jar;D:\Java\tool\maven\Repository\org\apache\commons\commons-lang3\3.12.0\commons-lang3-3.12.0.jar;D:\Java\tool\maven\Repository\commons-codec\commons-codec\1.15\commons-codec-1.15.jar;D:\Java\tool\maven\Repository\com\alibaba\druid\1.2.9\druid-1.2.9.jar;D:\Java\tool\maven\Repository\com\tenpay\business\entpay-sdk-v3\1.1.9\entpay-sdk-v3-1.1.9.jar;D:\Java\tool\maven\Repository\org\springframework\boot\spring-boot-configuration-processor\2.6.7\spring-boot-configuration-processor-2.6.7.jar;D:\Java\tool\maven\Repository\commons-io\commons-io\2.5\commons-io-2.5.jar;D:\Java\tool\maven\Repository\junit\junit\4.13.2\junit-4.13.2.jar;D:\Java\tool\maven\Repository\org\hamcrest\hamcrest-core\2.2\hamcrest-core-2.2.jar;D:\Java\tool\maven\Repository\org\springframework\spring-jdbc\5.3.19\spring-jdbc-5.3.19.jar;D:\Java\tool\maven\Repository\org\springframework\spring-beans\5.3.19\spring-beans-5.3.19.jar;D:\Java\tool\maven\Repository\org\springframework\spring-tx\5.3.19\spring-tx-5.3.19.jar;D:\Java\tool\maven\Repository\org\bouncycastle\bcpkix-jdk15on\1.64\bcpkix-jdk15on-1.64.jar;D:\Java\tool\maven\Repository\org\bouncycastle\bcprov-jdk15on\1.64\bcprov-jdk15on-1.64.jar;D:\Java\tool\maven\Repository\org\springframework\boot\spring-boot-starter-quartz\2.6.7\spring-boot-starter-quartz-2.6.7.jar;D:\Java\tool\maven\Repository\org\springframework\spring-context-support\5.3.19\spring-context-support-5.3.19.jar;D:\Java\tool\maven\Repository\org\quartz-scheduler\quartz\2.3.2\quartz-2.3.2.jar;D:\Java\tool\maven\Repository\com\mchange\mchange-commons-java\0.2.15\mchange-commons-java-0.2.15.jar;D:\Java\tool\maven\Repository\com\fasterxml\jackson\core\jackson-core\2.13.2\jackson-core-2.13.2.jar;D:\Java\tool\maven\Repository\com\fasterxml\jackson\core\jackson-databind\2.13.2.1\jackson-databind-2.13.2.1.jar;D:\Java\tool\maven\Repository\com\fasterxml\jackson\core\jackson-annotations\2.13.2\jackson-annotations-2.13.2.jar;D:\Java\tool\maven\Repository\mysql\mysql-connector-java\8.0.28\mysql-connector-java-8.0.28.jar;D:\Java\tool\maven\Repository\org\mybatis\spring\boot\mybatis-spring-boot-starter\2.2.2\mybatis-spring-boot-starter-2.2.2.jar;D:\Java\tool\maven\Repository\org\springframework\boot\spring-boot-starter-jdbc\2.6.7\spring-boot-starter-jdbc-2.6.7.jar;D:\Java\tool\maven\Repository\com\zaxxer\HikariCP\4.0.3\HikariCP-4.0.3.jar;D:\Java\tool\maven\Repository\org\mybatis\spring\boot\mybatis-spring-boot-autoconfigure\2.2.2\mybatis-spring-boot-autoconfigure-2.2.2.jar;D:\Java\tool\maven\Repository\org\mybatis\mybatis\3.5.9\mybatis-3.5.9.jar;D:\Java\tool\maven\Repository\org\mybatis\mybatis-spring\2.0.7\mybatis-spring-2.0.7.jar;D:\Java\tool\maven\Repository\org\springframework\boot\spring-boot-starter-data-redis\2.6.7\spring-boot-starter-data-redis-2.6.7.jar;D:\Java\tool\maven\Repository\org\springframework\data\spring-data-redis\2.6.4\spring-data-redis-2.6.4.jar;D:\Java\tool\maven\Repository\org\springframework\data\spring-data-keyvalue\2.6.4\spring-data-keyvalue-2.6.4.jar;D:\Java\tool\maven\Repository\org\springframework\data\spring-data-commons\2.6.4\spring-data-commons-2.6.4.jar;D:\Java\tool\maven\Repository\org\springframework\spring-oxm\5.3.19\spring-oxm-5.3.19.jar;D:\Java\tool\maven\Repository\io\lettuce\lettuce-core\6.1.8.RELEASE\lettuce-core-6.1.8.RELEASE.jar;D:\Java\tool\maven\Repository\io\netty\netty-common\4.1.76.Final\netty-common-4.1.76.Final.jar;D:\Java\tool\maven\Repository\io\netty\netty-handler\4.1.76.Final\netty-handler-4.1.76.Final.jar;D:\Java\tool\maven\Repository\io\netty\netty-resolver\4.1.76.Final\netty-resolver-4.1.76.Final.jar;D:\Java\tool\maven\Repository\io\netty\netty-buffer\4.1.76.Final\netty-buffer-4.1.76.Final.jar;D:\Java\tool\maven\Repository\io\netty\netty-codec\4.1.76.Final\netty-codec-4.1.76.Final.jar;D:\Java\tool\maven\Repository\io\netty\netty-transport\4.1.76.Final\netty-transport-4.1.76.Final.jar;D:\Java\tool\maven\Repository\io\projectreactor\reactor-core\3.4.17\reactor-core-3.4.17.jar;D:\Java\tool\maven\Repository\org\reactivestreams\reactive-streams\1.0.3\reactive-streams-1.0.3.jar;"/>
    <property name="java.vm.vendor" value="Oracle Corporation"/>
    <property name="sun.arch.data.model" value="64"/>
    <property name="user.variant" value=""/>
    <property name="java.vendor.url" value="http://java.oracle.com/"/>
    <property name="user.timezone" value="Asia/Shanghai"/>
    <property name="java.vm.specification.version" value="1.8"/>
    <property name="os.name" value="Windows 10"/>
    <property name="user.country" value="CN"/>
    <property name="sun.java.launcher" value="SUN_STANDARD"/>
    <property name="sun.boot.library.path" value="D:\Java\tool\JDK8\jdk8\jre\bin"/>
    <property name="sun.java.command" value="C:\Users\gdh11\AppData\Local\Temp\surefire8669920423484847514\surefirebooter8120224737861447170.jar C:\Users\gdh11\AppData\Local\Temp\surefire8669920423484847514 2022-06-21T09-41-01_397-jvmRun1 surefire68720844229184239tmp surefire_07702462890310129958tmp"/>
    <property name="surefire.test.class.path" value="D:\Java\engineering\OpenBank\OpenBank\target\test-classes;D:\Java\engineering\OpenBank\OpenBank\target\classes;D:\Java\tool\maven\Repository\org\springframework\boot\spring-boot-starter-web\2.6.7\spring-boot-starter-web-2.6.7.jar;D:\Java\tool\maven\Repository\org\springframework\boot\spring-boot-starter\2.6.7\spring-boot-starter-2.6.7.jar;D:\Java\tool\maven\Repository\org\springframework\boot\spring-boot-starter-logging\2.6.7\spring-boot-starter-logging-2.6.7.jar;D:\Java\tool\maven\Repository\ch\qos\logback\logback-classic\1.2.11\logback-classic-1.2.11.jar;D:\Java\tool\maven\Repository\ch\qos\logback\logback-core\1.2.11\logback-core-1.2.11.jar;D:\Java\tool\maven\Repository\org\apache\logging\log4j\log4j-to-slf4j\2.17.2\log4j-to-slf4j-2.17.2.jar;D:\Java\tool\maven\Repository\org\apache\logging\log4j\log4j-api\2.17.2\log4j-api-2.17.2.jar;D:\Java\tool\maven\Repository\org\slf4j\jul-to-slf4j\1.7.36\jul-to-slf4j-1.7.36.jar;D:\Java\tool\maven\Repository\jakarta\annotation\jakarta.annotation-api\1.3.5\jakarta.annotation-api-1.3.5.jar;D:\Java\tool\maven\Repository\org\yaml\snakeyaml\1.29\snakeyaml-1.29.jar;D:\Java\tool\maven\Repository\org\springframework\boot\spring-boot-starter-json\2.6.7\spring-boot-starter-json-2.6.7.jar;D:\Java\tool\maven\Repository\com\fasterxml\jackson\datatype\jackson-datatype-jdk8\2.13.2\jackson-datatype-jdk8-2.13.2.jar;D:\Java\tool\maven\Repository\com\fasterxml\jackson\datatype\jackson-datatype-jsr310\2.13.2\jackson-datatype-jsr310-2.13.2.jar;D:\Java\tool\maven\Repository\com\fasterxml\jackson\module\jackson-module-parameter-names\2.13.2\jackson-module-parameter-names-2.13.2.jar;D:\Java\tool\maven\Repository\org\springframework\boot\spring-boot-starter-tomcat\2.6.7\spring-boot-starter-tomcat-2.6.7.jar;D:\Java\tool\maven\Repository\org\apache\tomcat\embed\tomcat-embed-core\9.0.62\tomcat-embed-core-9.0.62.jar;D:\Java\tool\maven\Repository\org\apache\tomcat\embed\tomcat-embed-el\9.0.62\tomcat-embed-el-9.0.62.jar;D:\Java\tool\maven\Repository\org\apache\tomcat\embed\tomcat-embed-websocket\9.0.62\tomcat-embed-websocket-9.0.62.jar;D:\Java\tool\maven\Repository\org\springframework\spring-web\5.3.19\spring-web-5.3.19.jar;D:\Java\tool\maven\Repository\org\springframework\spring-webmvc\5.3.19\spring-webmvc-5.3.19.jar;D:\Java\tool\maven\Repository\org\springframework\spring-aop\5.3.19\spring-aop-5.3.19.jar;D:\Java\tool\maven\Repository\org\springframework\spring-context\5.3.19\spring-context-5.3.19.jar;D:\Java\tool\maven\Repository\org\springframework\spring-expression\5.3.19\spring-expression-5.3.19.jar;D:\Java\tool\maven\Repository\org\springframework\boot\spring-boot-actuator\2.6.7\spring-boot-actuator-2.6.7.jar;D:\Java\tool\maven\Repository\org\springframework\boot\spring-boot\2.6.7\spring-boot-2.6.7.jar;D:\Java\tool\maven\Repository\org\springframework\boot\spring-boot-devtools\2.6.7\spring-boot-devtools-2.6.7.jar;D:\Java\tool\maven\Repository\org\springframework\boot\spring-boot-autoconfigure\2.6.7\spring-boot-autoconfigure-2.6.7.jar;D:\Java\tool\maven\Repository\org\projectlombok\lombok\1.18.24\lombok-1.18.24.jar;D:\Java\tool\maven\Repository\org\springframework\boot\spring-boot-starter-test\2.6.7\spring-boot-starter-test-2.6.7.jar;D:\Java\tool\maven\Repository\org\springframework\boot\spring-boot-test\2.6.7\spring-boot-test-2.6.7.jar;D:\Java\tool\maven\Repository\org\springframework\boot\spring-boot-test-autoconfigure\2.6.7\spring-boot-test-autoconfigure-2.6.7.jar;D:\Java\tool\maven\Repository\com\jayway\jsonpath\json-path\2.6.0\json-path-2.6.0.jar;D:\Java\tool\maven\Repository\net\minidev\json-smart\2.4.8\json-smart-2.4.8.jar;D:\Java\tool\maven\Repository\net\minidev\accessors-smart\2.4.8\accessors-smart-2.4.8.jar;D:\Java\tool\maven\Repository\org\ow2\asm\asm\9.1\asm-9.1.jar;D:\Java\tool\maven\Repository\org\slf4j\slf4j-api\1.7.36\slf4j-api-1.7.36.jar;D:\Java\tool\maven\Repository\jakarta\xml\bind\jakarta.xml.bind-api\2.3.3\jakarta.xml.bind-api-2.3.3.jar;D:\Java\tool\maven\Repository\jakarta\activation\jakarta.activation-api\1.2.2\jakarta.activation-api-1.2.2.jar;D:\Java\tool\maven\Repository\org\assertj\assertj-core\3.21.0\assertj-core-3.21.0.jar;D:\Java\tool\maven\Repository\org\hamcrest\hamcrest\2.2\hamcrest-2.2.jar;D:\Java\tool\maven\Repository\org\junit\jupiter\junit-jupiter\5.8.2\junit-jupiter-5.8.2.jar;D:\Java\tool\maven\Repository\org\junit\jupiter\junit-jupiter-api\5.8.2\junit-jupiter-api-5.8.2.jar;D:\Java\tool\maven\Repository\org\opentest4j\opentest4j\1.2.0\opentest4j-1.2.0.jar;D:\Java\tool\maven\Repository\org\junit\platform\junit-platform-commons\1.8.2\junit-platform-commons-1.8.2.jar;D:\Java\tool\maven\Repository\org\apiguardian\apiguardian-api\1.1.2\apiguardian-api-1.1.2.jar;D:\Java\tool\maven\Repository\org\junit\jupiter\junit-jupiter-params\5.8.2\junit-jupiter-params-5.8.2.jar;D:\Java\tool\maven\Repository\org\junit\jupiter\junit-jupiter-engine\5.8.2\junit-jupiter-engine-5.8.2.jar;D:\Java\tool\maven\Repository\org\junit\platform\junit-platform-engine\1.8.2\junit-platform-engine-1.8.2.jar;D:\Java\tool\maven\Repository\org\mockito\mockito-core\4.0.0\mockito-core-4.0.0.jar;D:\Java\tool\maven\Repository\net\bytebuddy\byte-buddy\1.11.22\byte-buddy-1.11.22.jar;D:\Java\tool\maven\Repository\net\bytebuddy\byte-buddy-agent\1.11.22\byte-buddy-agent-1.11.22.jar;D:\Java\tool\maven\Repository\org\objenesis\objenesis\3.2\objenesis-3.2.jar;D:\Java\tool\maven\Repository\org\mockito\mockito-junit-jupiter\4.0.0\mockito-junit-jupiter-4.0.0.jar;D:\Java\tool\maven\Repository\org\skyscreamer\jsonassert\1.5.0\jsonassert-1.5.0.jar;D:\Java\tool\maven\Repository\com\vaadin\external\google\android-json\0.0.20131108.vaadin1\android-json-0.0.20131108.vaadin1.jar;D:\Java\tool\maven\Repository\org\springframework\spring-core\5.3.19\spring-core-5.3.19.jar;D:\Java\tool\maven\Repository\org\springframework\spring-jcl\5.3.19\spring-jcl-5.3.19.jar;D:\Java\tool\maven\Repository\org\springframework\spring-test\5.3.19\spring-test-5.3.19.jar;D:\Java\tool\maven\Repository\org\xmlunit\xmlunit-core\2.8.4\xmlunit-core-2.8.4.jar;D:\Java\tool\maven\Repository\org\apache\httpcomponents\httpclient\4.5.5\httpclient-4.5.5.jar;D:\Java\tool\maven\Repository\org\apache\httpcomponents\httpcore\4.4.15\httpcore-4.4.15.jar;D:\Java\tool\maven\Repository\org\apache\commons\commons-lang3\3.12.0\commons-lang3-3.12.0.jar;D:\Java\tool\maven\Repository\commons-codec\commons-codec\1.15\commons-codec-1.15.jar;D:\Java\tool\maven\Repository\com\alibaba\druid\1.2.9\druid-1.2.9.jar;D:\Java\tool\maven\Repository\com\tenpay\business\entpay-sdk-v3\1.1.9\entpay-sdk-v3-1.1.9.jar;D:\Java\tool\maven\Repository\org\springframework\boot\spring-boot-configuration-processor\2.6.7\spring-boot-configuration-processor-2.6.7.jar;D:\Java\tool\maven\Repository\commons-io\commons-io\2.5\commons-io-2.5.jar;D:\Java\tool\maven\Repository\junit\junit\4.13.2\junit-4.13.2.jar;D:\Java\tool\maven\Repository\org\hamcrest\hamcrest-core\2.2\hamcrest-core-2.2.jar;D:\Java\tool\maven\Repository\org\springframework\spring-jdbc\5.3.19\spring-jdbc-5.3.19.jar;D:\Java\tool\maven\Repository\org\springframework\spring-beans\5.3.19\spring-beans-5.3.19.jar;D:\Java\tool\maven\Repository\org\springframework\spring-tx\5.3.19\spring-tx-5.3.19.jar;D:\Java\tool\maven\Repository\org\bouncycastle\bcpkix-jdk15on\1.64\bcpkix-jdk15on-1.64.jar;D:\Java\tool\maven\Repository\org\bouncycastle\bcprov-jdk15on\1.64\bcprov-jdk15on-1.64.jar;D:\Java\tool\maven\Repository\org\springframework\boot\spring-boot-starter-quartz\2.6.7\spring-boot-starter-quartz-2.6.7.jar;D:\Java\tool\maven\Repository\org\springframework\spring-context-support\5.3.19\spring-context-support-5.3.19.jar;D:\Java\tool\maven\Repository\org\quartz-scheduler\quartz\2.3.2\quartz-2.3.2.jar;D:\Java\tool\maven\Repository\com\mchange\mchange-commons-java\0.2.15\mchange-commons-java-0.2.15.jar;D:\Java\tool\maven\Repository\com\fasterxml\jackson\core\jackson-core\2.13.2\jackson-core-2.13.2.jar;D:\Java\tool\maven\Repository\com\fasterxml\jackson\core\jackson-databind\2.13.2.1\jackson-databind-2.13.2.1.jar;D:\Java\tool\maven\Repository\com\fasterxml\jackson\core\jackson-annotations\2.13.2\jackson-annotations-2.13.2.jar;D:\Java\tool\maven\Repository\mysql\mysql-connector-java\8.0.28\mysql-connector-java-8.0.28.jar;D:\Java\tool\maven\Repository\org\mybatis\spring\boot\mybatis-spring-boot-starter\2.2.2\mybatis-spring-boot-starter-2.2.2.jar;D:\Java\tool\maven\Repository\org\springframework\boot\spring-boot-starter-jdbc\2.6.7\spring-boot-starter-jdbc-2.6.7.jar;D:\Java\tool\maven\Repository\com\zaxxer\HikariCP\4.0.3\HikariCP-4.0.3.jar;D:\Java\tool\maven\Repository\org\mybatis\spring\boot\mybatis-spring-boot-autoconfigure\2.2.2\mybatis-spring-boot-autoconfigure-2.2.2.jar;D:\Java\tool\maven\Repository\org\mybatis\mybatis\3.5.9\mybatis-3.5.9.jar;D:\Java\tool\maven\Repository\org\mybatis\mybatis-spring\2.0.7\mybatis-spring-2.0.7.jar;D:\Java\tool\maven\Repository\org\springframework\boot\spring-boot-starter-data-redis\2.6.7\spring-boot-starter-data-redis-2.6.7.jar;D:\Java\tool\maven\Repository\org\springframework\data\spring-data-redis\2.6.4\spring-data-redis-2.6.4.jar;D:\Java\tool\maven\Repository\org\springframework\data\spring-data-keyvalue\2.6.4\spring-data-keyvalue-2.6.4.jar;D:\Java\tool\maven\Repository\org\springframework\data\spring-data-commons\2.6.4\spring-data-commons-2.6.4.jar;D:\Java\tool\maven\Repository\org\springframework\spring-oxm\5.3.19\spring-oxm-5.3.19.jar;D:\Java\tool\maven\Repository\io\lettuce\lettuce-core\6.1.8.RELEASE\lettuce-core-6.1.8.RELEASE.jar;D:\Java\tool\maven\Repository\io\netty\netty-common\4.1.76.Final\netty-common-4.1.76.Final.jar;D:\Java\tool\maven\Repository\io\netty\netty-handler\4.1.76.Final\netty-handler-4.1.76.Final.jar;D:\Java\tool\maven\Repository\io\netty\netty-resolver\4.1.76.Final\netty-resolver-4.1.76.Final.jar;D:\Java\tool\maven\Repository\io\netty\netty-buffer\4.1.76.Final\netty-buffer-4.1.76.Final.jar;D:\Java\tool\maven\Repository\io\netty\netty-codec\4.1.76.Final\netty-codec-4.1.76.Final.jar;D:\Java\tool\maven\Repository\io\netty\netty-transport\4.1.76.Final\netty-transport-4.1.76.Final.jar;D:\Java\tool\maven\Repository\io\projectreactor\reactor-core\3.4.17\reactor-core-3.4.17.jar;D:\Java\tool\maven\Repository\org\reactivestreams\reactive-streams\1.0.3\reactive-streams-1.0.3.jar;"/>
    <property name="sun.cpu.endian" value="little"/>
    <property name="user.home" value="C:\Users\gdh11"/>
    <property name="user.language" value="zh"/>
    <property name="java.specification.vendor" value="Oracle Corporation"/>
    <property name="java.home" value="D:\Java\tool\JDK8\jdk8\jre"/>
    <property name="basedir" value="D:\Java\engineering\OpenBank\OpenBank"/>
    <property name="file.separator" value="\"/>
    <property name="line.separator" value="&#10;"/>
    <property name="java.vm.specification.vendor" value="Oracle Corporation"/>
    <property name="java.specification.name" value="Java Platform API Specification"/>
    <property name="java.awt.graphicsenv" value="sun.awt.Win32GraphicsEnvironment"/>
    <property name="idea.version2020.1.3" value="true"/>
    <property name="surefire.real.class.path" value="C:\Users\gdh11\AppData\Local\Temp\surefire8669920423484847514\surefirebooter8120224737861447170.jar"/>
    <property name="sun.boot.class.path" value="D:\Java\tool\JDK8\jdk8\jre\lib\resources.jar;D:\Java\tool\JDK8\jdk8\jre\lib\rt.jar;D:\Java\tool\JDK8\jdk8\jre\lib\sunrsasign.jar;D:\Java\tool\JDK8\jdk8\jre\lib\jsse.jar;D:\Java\tool\JDK8\jdk8\jre\lib\jce.jar;D:\Java\tool\JDK8\jdk8\jre\lib\charsets.jar;D:\Java\tool\JDK8\jdk8\jre\lib\jfr.jar;D:\Java\tool\JDK8\jdk8\jre\classes"/>
    <property name="user.script" value=""/>
    <property name="sun.management.compiler" value="HotSpot 64-Bit Tiered Compilers"/>
    <property name="java.runtime.version" value="1.8.0_162-b12"/>
    <property name="user.name" value="gdh11"/>
    <property name="path.separator" value=";"/>
    <property name="os.version" value="10.0"/>
    <property name="java.endorsed.dirs" value="D:\Java\tool\JDK8\jdk8\jre\lib\endorsed"/>
    <property name="java.runtime.name" value="Java(TM) SE Runtime Environment"/>
    <property name="file.encoding" value="GBK"/>
    <property name="java.vm.name" value="Java HotSpot(TM) 64-Bit Server VM"/>
    <property name="localRepository" value="D:\Java\tool\maven\Repository"/>
    <property name="java.vendor.url.bug" value="http://bugreport.sun.com/bugreport/"/>
    <property name="java.io.tmpdir" value="C:\Users\gdh11\AppData\Local\Temp\"/>
    <property name="java.version" value="1.8.0_162"/>
    <property name="user.dir" value="D:\Java\engineering\OpenBank\OpenBank"/>
    <property name="os.arch" value="amd64"/>
    <property name="java.vm.specification.name" value="Java Virtual Machine Specification"/>
    <property name="java.awt.printerjob" value="sun.awt.windows.WPrinterJob"/>
    <property name="sun.os.patch.level" value=""/>
    <property name="java.library.path" value="D:\Java\tool\JDK8\jdk8\jre\bin;C:\Windows\Sun\Java\bin;C:\Windows\system32;C:\Windows;C:\ProgramData\Oracle\Java\javapath;&quot;D:\Java\tool\JDK8\jdk8\bin;D:\Java\tool\JDK8\jdk8\jre\bin\&quot;;C:\Windows\system32;C:\Windows;C:\Windows\System32\Wbem;C:\Windows\System32\WindowsPowerShell\v1.0\;C:\Windows\System32\OpenSSH\;D:\Java\tool\Mysql\mysql-5.5.21-win32\bin;D:\Java\tool\maven\apache-maven-3.3.9\bin;D:\Java\tool\Git\Git\cmd;C:\Program Files\TortoiseGit\bin;C:\Users\gdh11\AppData\Local\Microsoft\WindowsApps;;."/>
    <property name="java.vm.info" value="mixed mode"/>
    <property name="java.vendor" value="Oracle Corporation"/>
    <property name="java.vm.version" value="25.162-b12"/>
    <property name="java.ext.dirs" value="D:\Java\tool\JDK8\jdk8\jre\lib\ext;C:\Windows\Sun\Java\lib\ext"/>
    <property name="sun.io.unicode.encoding" value="UnicodeLittle"/>
    <property name="maven.repo.local" value="D:\Java\tool\maven\Repository"/>
    <property name="java.class.version" value="52.0"/>
  </properties>
  <testcase name="contextLoads" classname="com.example.openbank.OpenBankApplicationTests" time="0.226"/>
</testsuite>